<?xml version="1.0" encoding="UTF-8"?>
<testng-results skipped="0" failed="0" ignored="0" total="2" passed="2">
  <reporter-output>
  </reporter-output>
  <suite name="Suite" duration-ms="14400" started-at="2018-12-19T18:52:07Z" finished-at="2018-12-19T18:52:22Z">
    <groups>
    </groups>
    <test name="Test1" duration-ms="7472" started-at="2018-12-19T18:52:07Z" finished-at="2018-12-19T18:52:15Z">
      <class name="FMHerndonSMJ.com.FMHerndonSMJ.Tests.testNG_01">
        <test-method status="PASS" signature="setUp()[pri:0, instance:FMHerndonSMJ.com.FMHerndonSMJ.Tests.testNG_01@3b81a1bc]" name="setUp" is-config="true" duration-ms="3696" started-at="2018-12-19T18:52:07Z" finished-at="2018-12-19T18:52:11Z">
          <reporter-output>
          </reporter-output>
        </test-method> <!-- setUp -->
        <test-method status="PASS" signature="testVerifyHomePage()[pri:0, instance:FMHerndonSMJ.com.FMHerndonSMJ.Tests.testNG_01@3b81a1bc]" name="testVerifyHomePage" duration-ms="2770" started-at="2018-12-19T18:52:11Z" finished-at="2018-12-19T18:52:14Z">
          <reporter-output>
          </reporter-output>
        </test-method> <!-- testVerifyHomePage -->
        <test-method status="PASS" signature="tearDown()[pri:0, instance:FMHerndonSMJ.com.FMHerndonSMJ.Tests.testNG_01@3b81a1bc]" name="tearDown" is-config="true" duration-ms="970" started-at="2018-12-19T18:52:14Z" finished-at="2018-12-19T18:52:15Z">
          <reporter-output>
          </reporter-output>
        </test-method> <!-- tearDown -->
      </class> <!-- FMHerndonSMJ.com.FMHerndonSMJ.Tests.testNG_01 -->
    </test> <!-- Test1 -->
    <test name="Test2" duration-ms="6837" started-at="2018-12-19T18:52:15Z" finished-at="2018-12-19T18:52:22Z">
      <class name="FMHerndonSMJ.com.FMHerndonSMJ.Tests.testNG_02">
        <test-method status="PASS" signature="setUp()[pri:0, instance:FMHerndonSMJ.com.FMHerndonSMJ.Tests.testNG_02@6537cf78]" name="setUp" is-config="true" duration-ms="2321" started-at="2018-12-19T18:52:15Z" finished-at="2018-12-19T18:52:17Z">
          <reporter-output>
          </reporter-output>
        </test-method> <!-- setUp -->
        <test-method status="PASS" signature="testText()[pri:0, instance:FMHerndonSMJ.com.FMHerndonSMJ.Tests.testNG_02@6537cf78]" name="testText" duration-ms="3736" started-at="2018-12-19T18:52:17Z" finished-at="2018-12-19T18:52:21Z">
          <reporter-output>
          </reporter-output>
        </test-method> <!-- testText -->
        <test-method status="PASS" signature="tearDown()[pri:0, instance:FMHerndonSMJ.com.FMHerndonSMJ.Tests.testNG_02@6537cf78]" name="tearDown" is-config="true" duration-ms="779" started-at="2018-12-19T18:52:21Z" finished-at="2018-12-19T18:52:22Z">
          <reporter-output>
          </reporter-output>
        </test-method> <!-- tearDown -->
      </class> <!-- FMHerndonSMJ.com.FMHerndonSMJ.Tests.testNG_02 -->
    </test> <!-- Test2 -->
  </suite> <!-- Suite -->
</testng-results>
