<?xml version="1.0" encoding="UTF-8"?>
<!-- Generated by org.testng.reporters.JUnitXMLReporter -->
<testsuite hostname="MININT-U05URH4" ignored="0" name="Default test" tests="4" failures="0" timestamp="19 Dec 2018 20:13:53 GMT" time="66.393" errors="0">
  <testcase name="tc_shoppingCartTesting" time="20.262" classname="com.training.sdet.testng.DataProvider01"/>
  <testcase name="tc_shoppingCartTesting" time="13.384" classname="com.training.sdet.testng.DataProvider01"/>
  <testcase name="tc_shoppingCartTesting" time="18.294" classname="com.training.sdet.testng.DataProvider01"/>
  <testcase name="tc_shoppingCartTesting" time="14.389" classname="com.training.sdet.testng.DataProvider01"/>
</testsuite> <!-- Default test -->
