<?xml version="1.0" encoding="UTF-8"?>
<!-- Generated by org.testng.reporters.JUnitXMLReporter -->
<testsuite hostname="MININT-U05URH4" ignored="0" name="GRID TEST WITH  BROWSER CHROME" tests="1" failures="0" timestamp="20 Dec 2018 16:35:27 GMT" time="1.102" errors="0">
  <testcase name="@BeforeMethod setUp" time="0.993" classname="com.training.day4.seleniumgrid.SeleniumGridTests">
    <failure type="org.openqa.selenium.WebDriverException" message="Unable to parse remote response: &amp;lt;!DOCTYPE html&amp;gt;
&amp;lt;html lang=&amp;quot;en&amp;quot;&amp;gt;
&amp;lt;head&amp;gt;
  &amp;lt;meta charset=&amp;quot;UTF-8&amp;quot;&amp;gt;
  &amp;lt;link rel=&amp;quot;stylesheet&amp;quot; type=&amp;quot;text/css&amp;quot; href=&amp;quot;/assets/displayhelpservlet.css&amp;quot; media=&amp;quot;all&amp;quot;/&amp;gt;
  &amp;lt;link href=&amp;quot;/assets/favicon.ico&amp;quot; rel=&amp;quot;icon&amp;quot; type=&amp;quot;image/x-icon&amp;quot; /&amp;gt;
  &amp;lt;script src=&amp;quot;/assets/jquery-3.1.1.min.js&amp;quot; type=&amp;quot;text/javascript&amp;quot;&amp;gt;&amp;lt;/script&amp;gt;
  &amp;lt;script src=&amp;quot;/assets/displayhelpservlet.js&amp;quot; type=&amp;quot;text/javascript&amp;quot;&amp;gt;&amp;lt;/script&amp;gt;
  &amp;lt;script type=&amp;quot;text/javascript&amp;quot;&amp;gt;
    var json = Object.freeze(&amp;apos;{&amp;quot;consoleLink&amp;quot;: &amp;quot;\u002fgrid\u002fconsole&amp;quot;,&amp;quot;type&amp;quot;: &amp;quot;Grid Hub&amp;quot;,&amp;quot;class&amp;quot;: &amp;quot;org.openqa.grid.web.servlet.DisplayHelpHandler$DisplayHelpServletConfig&amp;quot;,&amp;quot;version&amp;quot;: &amp;quot;3.141.59&amp;quot;}&amp;apos;);
  &amp;lt;/script&amp;gt;
&amp;lt;/head&amp;gt;
&amp;lt;body&amp;gt;

&amp;lt;div id=&amp;quot;content&amp;quot;&amp;gt;
  &amp;lt;div id=&amp;quot;help-heading&amp;quot;&amp;gt;
    &amp;lt;h1&amp;gt;&amp;lt;span id=&amp;quot;logo&amp;quot;&amp;gt;&amp;lt;/span&amp;gt;&amp;lt;/h1&amp;gt;
    &amp;lt;h2&amp;gt;Selenium &amp;lt;span class=&amp;quot;se-type&amp;quot;&amp;gt;&amp;lt;/span&amp;gt;&amp;amp;nbsp;v.&amp;lt;span class=&amp;quot;se-version&amp;quot;&amp;gt;&amp;lt;/span&amp;gt;&amp;lt;/h2&amp;gt;
  &amp;lt;/div&amp;gt;

  &amp;lt;div id=&amp;quot;content-body&amp;quot;&amp;gt;
    &amp;lt;p&amp;gt;
      Whoops! The URL specified routes to this help page.
    &amp;lt;/p&amp;gt;
    &amp;lt;p&amp;gt;
      For more information about Selenium &amp;lt;span class=&amp;quot;se-type&amp;quot;&amp;gt;&amp;lt;/span&amp;gt; please see the
      &amp;lt;a class=&amp;quot;se-docs&amp;quot;&amp;gt;docs&amp;lt;/a&amp;gt; and/or visit the &amp;lt;a class=&amp;quot;se-wiki&amp;quot;&amp;gt;wiki&amp;lt;/a&amp;gt;.
      &amp;lt;span id=&amp;quot;console-item&amp;quot;&amp;gt;
        Or perhaps you are looking for the Selenium &amp;lt;span class=&amp;quot;se-type&amp;quot;&amp;gt;&amp;lt;/span&amp;gt; &amp;lt;a class=&amp;quot;se-console&amp;quot;&amp;gt;console&amp;lt;/a&amp;gt;.
      &amp;lt;/span&amp;gt;
    &amp;lt;/p&amp;gt;
    &amp;lt;p&amp;gt;
      Happy Testing!
    &amp;lt;/p&amp;gt;
  &amp;lt;/div&amp;gt;

  &amp;lt;div&amp;gt;
    &amp;lt;footer id=&amp;quot;help-footer&amp;quot;&amp;gt;
      Selenium is made possible through the efforts of our open source community, contributions from
      these &amp;lt;a href=&amp;quot;https://github.com/SeleniumHQ/selenium/blob/master/AUTHORS&amp;quot;&amp;gt;people&amp;lt;/a&amp;gt;, and our
      &amp;lt;a href=&amp;quot;http://www.seleniumhq.org/sponsors/&amp;quot;&amp;gt;sponsors&amp;lt;/a&amp;gt;.
   &amp;lt;/footer&amp;gt;
  &amp;lt;/div&amp;gt;
 &amp;lt;/div&amp;gt;

&amp;lt;/body&amp;gt;
&amp;lt;/html&amp;gt;">
      <![CDATA[org.openqa.selenium.WebDriverException: Unable to parse remote response: <!DOCTYPE html>
<html lang="en">
<head>
  <meta charset="UTF-8">
  <link rel="stylesheet" type="text/css" href="/assets/displayhelpservlet.css" media="all"/>
  <link href="/assets/favicon.ico" rel="icon" type="image/x-icon" />
  <script src="/assets/jquery-3.1.1.min.js" type="text/javascript"></script>
  <script src="/assets/displayhelpservlet.js" type="text/javascript"></script>
  <script type="text/javascript">
    var json = Object.freeze('{"consoleLink": "\u002fgrid\u002fconsole","type": "Grid Hub","class": "org.openqa.grid.web.servlet.DisplayHelpHandler$DisplayHelpServletConfig","version": "3.141.59"}');
  </script>
</head>
<body>

<div id="content">
  <div id="help-heading">
    <h1><span id="logo"></span></h1>
    <h2>Selenium <span class="se-type"></span>&nbsp;v.<span class="se-version"></span></h2>
  </div>

  <div id="content-body">
    <p>
      Whoops! The URL specified routes to this help page.
    </p>
    <p>
      For more information about Selenium <span class="se-type"></span> please see the
      <a class="se-docs">docs</a> and/or visit the <a class="se-wiki">wiki</a>.
      <span id="console-item">
        Or perhaps you are looking for the Selenium <span class="se-type"></span> <a class="se-console">console</a>.
      </span>
    </p>
    <p>
      Happy Testing!
    </p>
  </div>

  <div>
    <footer id="help-footer">
      Selenium is made possible through the efforts of our open source community, contributions from
      these <a href="https://github.com/SeleniumHQ/selenium/blob/master/AUTHORS">people</a>, and our
      <a href="http://www.seleniumhq.org/sponsors/">sponsors</a>.
   </footer>
  </div>
 </div>

</body>
</html>
at org.openqa.selenium.remote.ProtocolHandshake.createSession(ProtocolHandshake.java:115)
at org.openqa.selenium.remote.ProtocolHandshake.createSession(ProtocolHandshake.java:74)
at org.openqa.selenium.remote.HttpCommandExecutor.execute(HttpCommandExecutor.java:136)
at org.openqa.selenium.remote.RemoteWebDriver.execute(RemoteWebDriver.java:552)
at org.openqa.selenium.remote.RemoteWebDriver.startSession(RemoteWebDriver.java:213)
at org.openqa.selenium.remote.RemoteWebDriver.<init>(RemoteWebDriver.java:131)
at org.openqa.selenium.remote.RemoteWebDriver.<init>(RemoteWebDriver.java:144)
at com.training.day4.seleniumgrid.SeleniumGridTests.setUp(SeleniumGridTests.java:96)
at java.util.concurrent.FutureTask.run(Unknown Source)
at java.util.concurrent.ThreadPoolExecutor.runWorker(Unknown Source)
at java.util.concurrent.ThreadPoolExecutor$Worker.run(Unknown Source)
at java.lang.Thread.run(Unknown Source)
Caused by: org.openqa.selenium.json.JsonException: Unable to determine type from: <. Last 1 characters read: <
Build info: version: '3.141.59', revision: 'e82be7d358', time: '2018-11-14T08:25:53'
System info: host: 'MININT-U05URH4', ip: '192.168.56.1', os.name: 'Windows 10', os.arch: 'amd64', os.version: '10.0', java.version: '1.8.0_191'
Driver info: driver.version: RemoteWebDriver
at org.openqa.selenium.json.JsonInput.peek(JsonInput.java:122)
at org.openqa.selenium.json.JsonTypeCoercer.lambda$null$6(JsonTypeCoercer.java:140)
at org.openqa.selenium.json.JsonTypeCoercer.coerce(JsonTypeCoercer.java:126)
at org.openqa.selenium.json.Json.toType(Json.java:69)
at org.openqa.selenium.json.Json.toType(Json.java:55)
at org.openqa.selenium.json.Json.toType(Json.java:50)
at org.openqa.selenium.remote.ProtocolHandshake.createSession(ProtocolHandshake.java:112)
... 30 more
... Removed 19 stack frames]]>
    </failure>
  </testcase> <!-- @BeforeMethod setUp -->
  <testcase name="GridTest" time="0.0" classname="com.training.day4.seleniumgrid.SeleniumGridTests">
    <skipped/>
  </testcase> <!-- GridTest -->
</testsuite> <!-- GRID TEST WITH  BROWSER CHROME -->
