<?xml version="1.0" encoding="UTF-8"?>
<testng-results skipped="0" failed="0" ignored="0" total="2" passed="2">
  <reporter-output>
  </reporter-output>
  <suite name="Default suite" duration-ms="66" started-at="2018-12-20T21:07:50Z" finished-at="2018-12-20T21:07:50Z">
    <groups>
    </groups>
    <test name="Default test" duration-ms="66" started-at="2018-12-20T21:07:50Z" finished-at="2018-12-20T21:07:50Z">
      <class name="com.training.sdet.testng.TestNGEx01">
        <test-method status="PASS" signature="beforeSuite()[pri:0, instance:com.training.sdet.testng.TestNGEx01@5622fdf]" name="beforeSuite" is-config="true" duration-ms="32" started-at="2018-12-20T21:07:50Z" finished-at="2018-12-20T21:07:50Z">
          <reporter-output>
          </reporter-output>
        </test-method> <!-- beforeSuite -->
        <test-method status="PASS" signature="beforeTest()[pri:0, instance:com.training.sdet.testng.TestNGEx01@5622fdf]" name="beforeTest" is-config="true" duration-ms="0" started-at="2018-12-20T21:07:50Z" finished-at="2018-12-20T21:07:50Z">
          <reporter-output>
          </reporter-output>
        </test-method> <!-- beforeTest -->
        <test-method status="PASS" signature="beforeClass()[pri:0, instance:com.training.sdet.testng.TestNGEx01@5622fdf]" name="beforeClass" is-config="true" duration-ms="0" started-at="2018-12-20T21:07:50Z" finished-at="2018-12-20T21:07:50Z">
          <reporter-output>
          </reporter-output>
        </test-method> <!-- beforeClass -->
        <test-method status="PASS" signature="beforeMethod()[pri:0, instance:com.training.sdet.testng.TestNGEx01@5622fdf]" name="beforeMethod" is-config="true" duration-ms="1" started-at="2018-12-20T21:07:50Z" finished-at="2018-12-20T21:07:50Z">
          <reporter-output>
          </reporter-output>
        </test-method> <!-- beforeMethod -->
        <test-method status="PASS" signature="f()[pri:0, instance:com.training.sdet.testng.TestNGEx01@5622fdf]" name="f" duration-ms="8" started-at="2018-12-20T21:07:50Z" finished-at="2018-12-20T21:07:50Z">
          <reporter-output>
          </reporter-output>
        </test-method> <!-- f -->
        <test-method status="PASS" signature="afterMethod()[pri:0, instance:com.training.sdet.testng.TestNGEx01@5622fdf]" name="afterMethod" is-config="true" duration-ms="1" started-at="2018-12-20T21:07:50Z" finished-at="2018-12-20T21:07:50Z">
          <reporter-output>
          </reporter-output>
        </test-method> <!-- afterMethod -->
        <test-method status="PASS" signature="beforeMethod()[pri:0, instance:com.training.sdet.testng.TestNGEx01@5622fdf]" name="beforeMethod" is-config="true" duration-ms="1" started-at="2018-12-20T21:07:50Z" finished-at="2018-12-20T21:07:50Z">
          <reporter-output>
          </reporter-output>
        </test-method> <!-- beforeMethod -->
        <test-method status="PASS" signature="g()[pri:0, instance:com.training.sdet.testng.TestNGEx01@5622fdf]" name="g" duration-ms="3" started-at="2018-12-20T21:07:50Z" finished-at="2018-12-20T21:07:50Z">
          <reporter-output>
          </reporter-output>
        </test-method> <!-- g -->
        <test-method status="PASS" signature="afterMethod()[pri:0, instance:com.training.sdet.testng.TestNGEx01@5622fdf]" name="afterMethod" is-config="true" duration-ms="1" started-at="2018-12-20T21:07:50Z" finished-at="2018-12-20T21:07:50Z">
          <reporter-output>
          </reporter-output>
        </test-method> <!-- afterMethod -->
        <test-method status="PASS" signature="afterClass()[pri:0, instance:com.training.sdet.testng.TestNGEx01@5622fdf]" name="afterClass" is-config="true" duration-ms="1" started-at="2018-12-20T21:07:50Z" finished-at="2018-12-20T21:07:50Z">
          <reporter-output>
          </reporter-output>
        </test-method> <!-- afterClass -->
        <test-method status="PASS" signature="afterTest()[pri:0, instance:com.training.sdet.testng.TestNGEx01@5622fdf]" name="afterTest" is-config="true" duration-ms="1" started-at="2018-12-20T21:07:50Z" finished-at="2018-12-20T21:07:50Z">
          <reporter-output>
          </reporter-output>
        </test-method> <!-- afterTest -->
        <test-method status="PASS" signature="afterSuite()[pri:0, instance:com.training.sdet.testng.TestNGEx01@5622fdf]" name="afterSuite" is-config="true" duration-ms="0" started-at="2018-12-20T21:07:50Z" finished-at="2018-12-20T21:07:50Z">
          <reporter-output>
          </reporter-output>
        </test-method> <!-- afterSuite -->
      </class> <!-- com.training.sdet.testng.TestNGEx01 -->
    </test> <!-- Default test -->
  </suite> <!-- Default suite -->
</testng-results>
