<?xml version="1.0" encoding="UTF-8"?>
<testng-results skipped="0" failed="0" ignored="0" total="1" passed="1">
  <reporter-output>
  </reporter-output>
  <suite name="Suite" duration-ms="22011" started-at="2018-12-21T17:45:46Z" finished-at="2018-12-21T17:46:08Z">
    <groups>
      <group name="cucumber">
        <method signature="AbstractTestNGCucumberTests.feature(cucumber.api.testng.CucumberFeatureWrapper)[pri:0, instance:com.training.sdet.cucumber.CucumberDemo.TestRunner@4dfa3a9d]" name="feature" class="cucumber.api.testng.AbstractTestNGCucumberTests"/>
      </group> <!-- cucumber -->
    </groups>
    <test name="Test" duration-ms="22011" started-at="2018-12-21T17:45:46Z" finished-at="2018-12-21T17:46:08Z">
      <class name="com.training.sdet.cucumber.CucumberDemo.TestRunner">
        <test-method status="PASS" signature="setUpClass()[pri:0, instance:com.training.sdet.cucumber.CucumberDemo.TestRunner@4dfa3a9d]" name="setUpClass" is-config="true" duration-ms="295" started-at="2018-12-21T17:45:46Z" finished-at="2018-12-21T17:45:47Z">
          <reporter-output>
          </reporter-output>
        </test-method> <!-- setUpClass -->
        <test-method status="PASS" signature="feature(cucumber.api.testng.CucumberFeatureWrapper)[pri:0, instance:com.training.sdet.cucumber.CucumberDemo.TestRunner@4dfa3a9d]" name="feature" duration-ms="21580" started-at="2018-12-21T17:45:47Z" description="Runs Cucumber Feature" data-provider="features" finished-at="2018-12-21T17:46:08Z">
          <params>
            <param index="0">
              <value>
                <![CDATA[DDT Testing of the Login Functionality of the application with Invalid credentials]]>
              </value>
            </param>
          </params>
          <reporter-output>
          </reporter-output>
        </test-method> <!-- feature -->
        <test-method status="PASS" signature="tearDownClass()[pri:0, instance:com.training.sdet.cucumber.CucumberDemo.TestRunner@4dfa3a9d]" name="tearDownClass" is-config="true" duration-ms="13" started-at="2018-12-21T17:46:08Z" finished-at="2018-12-21T17:46:08Z">
          <reporter-output>
          </reporter-output>
        </test-method> <!-- tearDownClass -->
      </class> <!-- com.training.sdet.cucumber.CucumberDemo.TestRunner -->
    </test> <!-- Test -->
  </suite> <!-- Suite -->
</testng-results>
