<?xml version="1.0" encoding="UTF-8"?>
<testng-results skipped="0" failed="0" ignored="0" total="1" passed="1">
  <reporter-output>
  </reporter-output>
  <suite name="Suite" duration-ms="11676" started-at="2018-12-19T22:00:19Z" finished-at="2018-12-19T22:00:31Z">
    <groups>
    </groups>
    <test name="Test" duration-ms="11676" started-at="2018-12-19T22:00:19Z" finished-at="2018-12-19T22:00:31Z">
      <class name="POM_FNMAHerndonSMJ.com.fnm.pageobjectmodel.DriverScript">
        <test-method status="PASS" signature="setUp()[pri:0, instance:POM_FNMAHerndonSMJ.com.fnm.pageobjectmodel.DriverScript@55f3ddb1]" name="setUp" is-config="true" duration-ms="5867" started-at="2018-12-19T22:00:19Z" finished-at="2018-12-19T22:00:25Z">
          <reporter-output>
          </reporter-output>
        </test-method> <!-- setUp -->
        <test-method status="PASS" signature="tc_End2EndShoppingCartTest()[pri:0, instance:POM_FNMAHerndonSMJ.com.fnm.pageobjectmodel.DriverScript@55f3ddb1]" name="tc_End2EndShoppingCartTest" duration-ms="5773" started-at="2018-12-19T22:00:25Z" finished-at="2018-12-19T22:00:31Z">
          <reporter-output>
          </reporter-output>
        </test-method> <!-- tc_End2EndShoppingCartTest -->
        <test-method status="PASS" signature="tearDown()[pri:0, instance:POM_FNMAHerndonSMJ.com.fnm.pageobjectmodel.DriverScript@55f3ddb1]" name="tearDown" is-config="true" duration-ms="0" started-at="2018-12-19T22:00:31Z" finished-at="2018-12-19T22:00:31Z">
          <reporter-output>
          </reporter-output>
        </test-method> <!-- tearDown -->
      </class> <!-- POM_FNMAHerndonSMJ.com.fnm.pageobjectmodel.DriverScript -->
    </test> <!-- Test -->
  </suite> <!-- Suite -->
</testng-results>
